<!DOCTYPE html PUBLIC "-//W3C//DTD XHTML 1.1//EN" "http://www.w3.org/TR/xhtml11/DTD/xhtml11.dtd">
<html xmlns="http://www.w3.org/1999/xhtml">
<head>
<meta http-equiv="content-type" content="text/html; charset=UTF-8"/>
<title>TestNG Report</title>
<style type="text/css">table {margin-bottom:10px;border-collapse:collapse;empty-cells:show}th,td {border:1px solid #009;padding:.25em .5em}th {vertical-align:bottom}td {vertical-align:top}table a {font-weight:bold}.stripe td {background-color: #E6EBF9}.num {text-align:right}.passedodd td {background-color: #3F3}.passedeven td {background-color: #0A0}.skippedodd td {background-color: #DDD}.skippedeven td {background-color: #CCC}.failedodd td,.attn {background-color: #F33}.failedeven td,.stripe .attn {background-color: #D00}.stacktrace {white-space:pre;font-family:monospace}.totop {font-size:85%;text-align:center;border-bottom:2px solid #000}.invisible {display:none}</style>
</head>
<body>
<table>
<tr><th>Test</th><th># Passed</th><th># Skipped</th><th># Retried</th><th># Failed</th><th>Time (ms)</th><th>Included Groups</th><th>Excluded Groups</th></tr>
<tr><th colspan="7">Suite</th></tr>
<tr><td><a href="#t0">ChromeTest</a></td><td class="num">1</td><td class="num">0</td><td class="num">0</td><td class="num">0</td><td class="num">27,184</td><td></td><td></td></tr>
<tr class="stripe"><td><a href="#t1">AndroidMobileChromeTest</a></td><td class="num">1</td><td class="num">0</td><td class="num">0</td><td class="num">0</td><td class="num">39,650</td><td></td><td></td></tr>
<tr><td><a href="#t2">AndroidTabChromeTest</a></td><td class="num">1</td><td class="num">0</td><td class="num">0</td><td class="num">0</td><td class="num">49,423</td><td></td><td></td></tr>
<tr class="stripe"><td><a href="#t3">EdgeTest</a></td><td class="num">1</td><td class="num">0</td><td class="num">0</td><td class="num">0</td><td class="num">23,210</td><td></td><td></td></tr>
<tr><td><a href="#t4">IE11Test</a></td><td class="num">1</td><td class="num">0</td><td class="num">0</td><td class="num">0</td><td class="num">27,968</td><td></td><td></td></tr>
<tr class="stripe"><td><a href="#t5">SafariTest</a></td><td class="num">0</td><td class="num">0</td><td class="num">0</td><td class="num attn">1</td><td class="num">155</td><td></td><td></td></tr>
<tr><th>Total</th><th class="num">5</th><th class="num">0</th><th class="num">0</th><th class="num attn">1</th><th class="num">167,590</th><th colspan="2"></th></tr>
</table>
<table id='summary'><thead><tr><th>Class</th><th>Method</th><th>Start</th><th>Time (ms)</th></tr></thead><tbody><tr><th colspan="4">Suite</th></tr></tbody><tbody id="t0"><tr><th colspan="4">ChromeTest &#8212; passed</th></tr><tr class="passedeven"><td rowspan="1">com.cvx.qa.runners.GoIbiboTestRunnerChrome</td><td><a href="#m0">feature</a></td><td rowspan="1">1574161258979</td><td rowspan="1">26115</td></tr></tbody>
<tbody id="t1"><tr><th colspan="4">AndroidMobileChromeTest &#8212; passed</th></tr><tr class="passedeven"><td rowspan="1">com.cvx.qa.runners.GoIbiboTestRunnerAndroidMobileChrome</td><td><a href="#m1">feature</a></td><td rowspan="1">1574161285731</td><td rowspan="1">39504</td></tr></tbody>
<tbody id="t2"><tr><th colspan="4">AndroidTabChromeTest &#8212; passed</th></tr><tr class="passedeven"><td rowspan="1">com.cvx.qa.runners.GoIbiboTestRunnerAndroidTabChrome</td><td><a href="#m2">feature</a></td><td rowspan="1">1574161325461</td><td rowspan="1">49266</td></tr></tbody>
<tbody id="t3"><tr><th colspan="4">EdgeTest &#8212; passed</th></tr><tr class="passedeven"><td rowspan="1">com.cvx.qa.runners.GoIbiboTestRunnerEdge</td><td><a href="#m3">feature</a></td><td rowspan="1">1574161374970</td><td rowspan="1">23087</td></tr></tbody>
<tbody id="t4"><tr><th colspan="4">IE11Test &#8212; passed</th></tr><tr class="passedeven"><td rowspan="1">com.cvx.qa.runners.GoIbiboTestRunnerIE11</td><td><a href="#m4">feature</a></td><td rowspan="1">1574161398202</td><td rowspan="1">27873</td></tr></tbody>
<tbody id="t5"><tr><th colspan="4">SafariTest &#8212; failed</th></tr><tr class="failedeven"><td rowspan="1">com.cvx.qa.runners.GoIbiboTestRunnerSafari</td><td><a href="#m5">feature</a></td><td rowspan="1">1574161426203</td><td rowspan="1">28</td></tr></tbody>
</table>
<h2>ChromeTest</h2><h3 id="m0">com.cvx.qa.runners.GoIbiboTestRunnerChrome#feature</h3><table class="result"><tr class="param"><th>Parameter #1</th></tr><tr class="param stripe"><td>Test Flight Search Page of GoIbibo</td></tr></table><p class="totop"><a href="#summary">back to summary</a></p>
<h2>AndroidMobileChromeTest</h2><h3 id="m1">com.cvx.qa.runners.GoIbiboTestRunnerAndroidMobileChrome#feature</h3><table class="result"><tr class="param"><th>Parameter #1</th></tr><tr class="param stripe"><td>Test Flight Search Page of GoIbibo</td></tr></table><p class="totop"><a href="#summary">back to summary</a></p>
<h2>AndroidTabChromeTest</h2><h3 id="m2">com.cvx.qa.runners.GoIbiboTestRunnerAndroidTabChrome#feature</h3><table class="result"><tr class="param"><th>Parameter #1</th></tr><tr class="param stripe"><td>Test Flight Search Page of GoIbibo</td></tr></table><p class="totop"><a href="#summary">back to summary</a></p>
<h2>EdgeTest</h2><h3 id="m3">com.cvx.qa.runners.GoIbiboTestRunnerEdge#feature</h3><table class="result"><tr class="param"><th>Parameter #1</th></tr><tr class="param stripe"><td>Test Flight Search Page of GoIbibo</td></tr></table><p class="totop"><a href="#summary">back to summary</a></p>
<h2>IE11Test</h2><h3 id="m4">com.cvx.qa.runners.GoIbiboTestRunnerIE11#feature</h3><table class="result"><tr class="param"><th>Parameter #1</th></tr><tr class="param stripe"><td>Test Flight Search Page of GoIbibo</td></tr></table><p class="totop"><a href="#summary">back to summary</a></p>
<h2>SafariTest</h2><h3 id="m5">com.cvx.qa.runners.GoIbiboTestRunnerSafari#feature</h3><table class="result"><tr class="param"><th>Parameter #1</th></tr><tr class="param stripe"><td>Test Flight Search Page of GoIbibo</td></tr><tr><th>Exception</th></tr><tr><td><div class="stacktrace">cucumber.runtime.CucumberException: org.openqa.selenium.WebDriverException: SafariDriver requires Safari 10 running on OSX El Capitan or greater.
Build info: version: &apos;3.141.59&apos;, revision: &apos;e82be7d358&apos;, time: &apos;2018-11-14T08:17:03&apos;
System info: host: &apos;IN5CG9292KLF&apos;, ip: &apos;10.234.210.20&apos;, os.name: &apos;Windows 10&apos;, os.arch: &apos;amd64&apos;, os.version: &apos;10.0&apos;, java.version: &apos;1.8.0_221&apos;
Driver info: driver.version: SafariDriver
	at cucumber.api.testng.TestNGCucumberRunner.runCucumber(TestNGCucumberRunner.java:69)
	at cucumber.api.testng.AbstractTestNGCucumberTests.feature(AbstractTestNGCucumberTests.java:21)
	at java.util.ArrayList.forEach(Unknown Source)
Caused by: org.openqa.selenium.WebDriverException: SafariDriver requires Safari 10 running on OSX El Capitan or greater.
Build info: version: &apos;3.141.59&apos;, revision: &apos;e82be7d358&apos;, time: &apos;2018-11-14T08:17:03&apos;
System info: host: &apos;IN5CG9292KLF&apos;, ip: &apos;10.234.210.20&apos;, os.name: &apos;Windows 10&apos;, os.arch: &apos;amd64&apos;, os.version: &apos;10.0&apos;, java.version: &apos;1.8.0_221&apos;
Driver info: driver.version: SafariDriver
	at org.openqa.selenium.safari.SafariDriverService.createDefaultService(SafariDriverService.java:59)
	at org.openqa.selenium.safari.SafariDriver.&lt;init&gt;(SafariDriver.java:63)
	at org.openqa.selenium.safari.SafariDriver.&lt;init&gt;(SafariDriver.java:41)
	at com.cvx.qa.base.TestBase.initialization(TestBase.java:95)
	at com.cvx.qa.stepdefinitions.Hooks.Setup(Hooks.java:21)
	at cucumber.runtime.Utils$1.call(Utils.java:40)
	at cucumber.runtime.Timeout.timeout(Timeout.java:16)
	at cucumber.runtime.Utils.invoke(Utils.java:34)
	at cucumber.runtime.java.JavaHookDefinition.execute(JavaHookDefinition.java:60)
	at cucumber.runtime.Runtime.runHookIfTagsMatch(Runtime.java:224)
	at cucumber.runtime.Runtime.runHooks(Runtime.java:212)
	at cucumber.runtime.Runtime.runBeforeHooks(Runtime.java:202)
	at cucumber.runtime.model.CucumberScenario.run(CucumberScenario.java:40)
	at cucumber.runtime.model.CucumberFeature.run(CucumberFeature.java:165)
	at cucumber.api.testng.TestNGCucumberRunner.runCucumber(TestNGCucumberRunner.java:63)
	... 29 more
... Removed 31 stack frames</div></td></tr></table><p class="totop"><a href="#summary">back to summary</a></p>
</body>
</html>
